Build started 8/11/2015 4:27:40 PM.
     1>Project "C:\Users\jhart\Documents\Personal\inkeeper\source\Motel.Document\Motel.Document.vcxproj" on node 3 (Rebuild target(s)).
     1>ClCompile:
         C:\Program Files (x86)\Microsoft Visual Studio 14.0\VC\bin\x86_amd64\CL.exe /c /Zi /nologo /W3 /WX- /sdl /O2 /Oi /GL /D _WINDLL /D _MBCS /Gm- /EHsc /MD /GS /Gy /fp:precise /Zc:wchar_t /Zc:forScope /Zc:inline /Fo"x64\Release\\" /Fd"x64\Release\vc140.pdb" /Gd /TC /errorReport:prompt motel.character.c motel.document.c
         motel.character.c
         motel.document.c
       Link:
         C:\Program Files (x86)\Microsoft Visual Studio 14.0\VC\bin\x86_amd64\link.exe /ERRORREPORT:PROMPT /OUT:"x64\Release\Motel.Document.dll" /NOLOGO kernel32.lib user32.lib gdi32.lib winspool.lib comdlg32.lib advapi32.lib shell32.lib ole32.lib oleaut32.lib uuid.lib odbc32.lib odbccp32.lib /MANIFEST /MANIFESTUAC:"level='asInvoker' uiAccess='false'" /manifest:embed /Debug /PDB:"x64\Release\Motel.Document.pdb" /OPT:REF /OPT:ICF /LTCG:incremental /TLBID:1 /DYNAMICBASE /NXCOMPAT /IMPLIB:"x64\Release\Motel.Document.lib" /MACHINE:X64 /DLL x64\Release\motel.character.obj
         x64\Release\motel.document.obj
         C:\Users\jhart\Documents\Personal\inkeeper\source\Motel.Buffer\x64\Release\Motel.Buffer.lib
         C:\Users\jhart\Documents\Personal\inkeeper\source\Motel.File\x64\Release\Motel.File.lib
         C:\Users\jhart\Documents\Personal\inkeeper\source\Motel.HRR\x64\Release\Motel.HRR.lib
         C:\Users\jhart\Documents\Personal\inkeeper\source\Motel.Memory\x64\Release\Motel.Memory.lib
         C:\Users\jhart\Documents\Personal\inkeeper\source\Motel.Stream\x64\Release\Motel.Stream.lib
         C:\Users\jhart\Documents\Personal\inkeeper\source\Motel.URL\x64\Release\Motel.URL.lib
            Creating library x64\Release\Motel.Document.lib and object x64\Release\Motel.Document.exp
         Generating code
         All 11 functions were compiled because no usable IPDB/IOBJ from previous compilation was found.
         Finished generating code
         Motel.Document.vcxproj -> C:\Users\jhart\Documents\Personal\inkeeper\source\Motel.Document\x64\Release\Motel.Document.dll
     1>Done Building Project "C:\Users\jhart\Documents\Personal\inkeeper\source\Motel.Document\Motel.Document.vcxproj" (Rebuild target(s)).

Build succeeded.

Time Elapsed 00:00:02.97
