Build started 8/11/2015 4:27:59 PM.
     1>Project "C:\Users\jhart\Documents\Personal\inkeeper\source\Motel.Document\Motel.Document.vcxproj" on node 2 (Build target(s)).
     1>ClCompile:
         C:\Program Files (x86)\Microsoft Visual Studio 14.0\VC\bin\x86_amd64\CL.exe /c /ZI /nologo /W3 /WX- /sdl /Od /D _WINDLL /D _MBCS /Gm /EHsc /RTC1 /MDd /GS /fp:precise /Zc:wchar_t /Zc:forScope /Zc:inline /Fo"x64\Debug\\" /Fd"x64\Debug\vc140.pdb" /Gd /TC /errorReport:prompt motel.character.c motel.document.c
         motel.document.c
         motel.character.c
         Generating Code...
       Link:
         C:\Program Files (x86)\Microsoft Visual Studio 14.0\VC\bin\x86_amd64\link.exe /ERRORREPORT:PROMPT /OUT:"x64\Debug\Motel.Document.dll" /INCREMENTAL /NOLOGO kernel32.lib user32.lib gdi32.lib winspool.lib comdlg32.lib advapi32.lib shell32.lib ole32.lib oleaut32.lib uuid.lib odbc32.lib odbccp32.lib /MANIFEST /MANIFESTUAC:"level='asInvoker' uiAccess='false'" /manifest:embed /Debug /PDB:"x64\Debug\Motel.Document.pdb" /TLBID:1 /DYNAMICBASE /NXCOMPAT /IMPLIB:"x64\Debug\Motel.Document.lib" /MACHINE:X64 /DLL x64\Debug\motel.character.obj
         x64\Debug\motel.document.obj
         C:\Users\jhart\Documents\Personal\inkeeper\source\Motel.Buffer\x64\Debug\Motel.Buffer.lib
         C:\Users\jhart\Documents\Personal\inkeeper\source\Motel.File\x64\Debug\Motel.File.lib
         C:\Users\jhart\Documents\Personal\inkeeper\source\Motel.HRR\x64\Debug\Motel.HRR.lib
         C:\Users\jhart\Documents\Personal\inkeeper\source\Motel.Memory\x64\Debug\Motel.Memory.lib
         C:\Users\jhart\Documents\Personal\inkeeper\source\Motel.Stream\x64\Debug\Motel.Stream.lib
         C:\Users\jhart\Documents\Personal\inkeeper\source\Motel.URL\x64\Debug\Motel.URL.lib
            Creating library x64\Debug\Motel.Document.lib and object x64\Debug\Motel.Document.exp
         Motel.Document.vcxproj -> C:\Users\jhart\Documents\Personal\inkeeper\source\Motel.Document\x64\Debug\Motel.Document.dll
     1>Done Building Project "C:\Users\jhart\Documents\Personal\inkeeper\source\Motel.Document\Motel.Document.vcxproj" (Build target(s)).

Build succeeded.

Time Elapsed 00:00:03.72
